[debug] [2023-10-14T11:57:27.131Z] ----------------------------------------------------------------------
[debug] [2023-10-14T11:57:27.137Z] Command:       C:\Program Files\nodejs\node.exe C:\Users\mohd_anas\AppData\Roaming\npm\node_modules\firebase-tools\lib\bin\firebase.js init
[debug] [2023-10-14T11:57:27.138Z] CLI Version:   12.6.1
[debug] [2023-10-14T11:57:27.138Z] Platform:      win32
[debug] [2023-10-14T11:57:27.139Z] Node Version:  v18.17.1
[debug] [2023-10-14T11:57:27.475Z] Time:          Sat Oct 14 2023 04:57:27 GMT-0700 (Pacific Daylight Time)
[debug] [2023-10-14T11:57:27.475Z] ----------------------------------------------------------------------
[debug] 
[debug] [2023-10-14T11:57:27.503Z] >>> [apiv2][query] GET https://firebase-public.firebaseio.com/cli.json [none]
[debug] [2023-10-14T11:57:27.848Z] > command requires scopes: ["email","openid","https://www.googleapis.com/auth/cloudplatformprojects.readonly","https://www.googleapis.com/auth/firebase","https://www.googleapis.com/auth/cloud-platform"]
[debug] [2023-10-14T11:57:27.849Z] > authorizing via signed-in user (mohammedanasks77@gmail.com)
[info] 
     ######## #### ########  ######## ########     ###     ######  ########
     ##        ##  ##     ## ##       ##     ##  ##   ##  ##       ##
     ######    ##  ########  ######   ########  #########  ######  ######
     ##        ##  ##    ##  ##       ##     ## ##     ##       ## ##
     ##       #### ##     ## ######## ########  ##     ##  ######  ########

You're about to initialize a Firebase project in this directory:

  D:\Real-Estate-App\ui

Before we get started, keep in mind:

  * You are initializing within an existing Firebase project directory

[debug] [2023-10-14T11:57:28.629Z] <<< [apiv2][status] GET https://firebase-public.firebaseio.com/cli.json 200
[debug] [2023-10-14T11:57:28.630Z] <<< [apiv2][body] GET https://firebase-public.firebaseio.com/cli.json {"cloudBuildErrorAfter":1594252800000,"cloudBuildWarnAfter":1590019200000,"defaultNode10After":1594252800000,"minVersion":"3.0.5","node8DeploysDisabledAfter":1613390400000,"node8RuntimeDisabledAfter":1615809600000,"node8WarnAfter":1600128000000}
[info] 
=== Project Setup
[info] 
[info] First, let's associate this project directory with a Firebase project.
[info] You can create multiple project aliases by running firebase use --add, 
[info] but for now we'll just set up a default project.
[info] 
[debug] [2023-10-14T11:57:38.041Z] Using project from CLI flag: property-finded
[debug] [2023-10-14T11:57:38.043Z] > refreshing access token with scopes: []
[debug] [2023-10-14T11:57:38.045Z] >>> [apiv2][query] POST https://www.googleapis.com/oauth2/v3/token [none]
[debug] [2023-10-14T11:57:38.046Z] >>> [apiv2][body] POST https://www.googleapis.com/oauth2/v3/token [omitted]
[debug] [2023-10-14T11:57:38.485Z] <<< [apiv2][status] POST https://www.googleapis.com/oauth2/v3/token 200
[debug] [2023-10-14T11:57:38.485Z] <<< [apiv2][body] POST https://www.googleapis.com/oauth2/v3/token [omitted]
[debug] [2023-10-14T11:57:38.614Z] >>> [apiv2][query] GET https://firebase.googleapis.com/v1beta1/projects/property-finded [none]
[debug] [2023-10-14T11:57:39.169Z] <<< [apiv2][status] GET https://firebase.googleapis.com/v1beta1/projects/property-finded 200
[debug] [2023-10-14T11:57:39.169Z] <<< [apiv2][body] GET https://firebase.googleapis.com/v1beta1/projects/property-finded {"projectId":"property-finded","projectNumber":"97051171325","displayName":"Property-Finder","name":"projects/property-finded","resources":{"hostingSite":"property-finded"},"state":"ACTIVE","etag":"1_e645803d-18a6-40eb-bba4-640911f7cfa6"}
[info] i  Using project property-finded (Property-Finder) 
[info] 
=== Hosting Setup
[info] 
[info] Your public directory is the folder (relative to your project directory) that
[info] will contain Hosting assets to be uploaded with firebase deploy. If you
[info] have a build process for your assets, use your build's output directory.
[info] 
